{"level":"warn","message":"MongoDB disconnected","service":"coconut-farm-api","timestamp":"2025-02-22 10:02:57"}
{"level":"info","message":"MongoDB reconnected","service":"coconut-farm-api","timestamp":"2025-02-22 10:02:57"}
{"level":"info","message":"MongoDB reconnected","service":"coconut-farm-api","timestamp":"2025-02-22 11:34:32"}
{"level":"warn","message":"MongoDB disconnected","service":"coconut-farm-api","timestamp":"2025-02-22 16:14:09"}
{"level":"info","message":"MongoDB reconnected","service":"coconut-farm-api","timestamp":"2025-02-22 16:14:09"}
{"level":"info","message":"MongoDB reconnected","service":"coconut-farm-api","timestamp":"2025-02-22 18:20:31"}
{"level":"warn","message":"MongoDB disconnected","service":"coconut-farm-api","timestamp":"2025-02-22 18:24:05"}
{"level":"info","message":"MongoDB reconnected","service":"coconut-farm-api","timestamp":"2025-02-22 18:24:19"}
{"level":"warn","message":"MongoDB disconnected","service":"coconut-farm-api","timestamp":"2025-02-22 18:48:32"}
{"level":"info","message":"MongoDB reconnected","service":"coconut-farm-api","timestamp":"2025-02-22 18:48:53"}
{"level":"info","message":"Received shutdown signal. Starting graceful shutdown...","service":"coconut-farm-api","timestamp":"2025-02-22 18:51:19"}
{"level":"info","message":"Server running on port 7000 in development mode","service":"coconut-farm-api","timestamp":"2025-02-22 18:51:50"}
{"level":"info","message":"Server URL: http://localhost:7000","service":"coconut-farm-api","timestamp":"2025-02-22 18:51:50"}
{"database":"hello","host":"ac-5qiwzr2-shard-00-00.in6etp1.mongodb.net","level":"info","message":"MongoDB Connected Successfully!","port":27017,"service":"coconut-farm-api","timestamp":"2025-02-22 18:51:53"}
{"level":"info","message":"Server running on port 7000 in development mode","service":"coconut-farm-api","timestamp":"2025-02-22 19:25:13"}
{"level":"info","message":"Server URL: http://localhost:7000","service":"coconut-farm-api","timestamp":"2025-02-22 19:25:13"}
{"database":"hello","host":"ac-5qiwzr2-shard-00-01.in6etp1.mongodb.net","level":"info","message":"MongoDB Connected Successfully!","port":27017,"service":"coconut-farm-api","timestamp":"2025-02-22 19:25:15"}
{"level":"info","message":"Server running on port 7000 in development mode","service":"coconut-farm-api","timestamp":"2025-02-22 19:30:12"}
{"level":"info","message":"Server URL: http://localhost:7000","service":"coconut-farm-api","timestamp":"2025-02-22 19:30:12"}
{"database":"hello","host":"ac-5qiwzr2-shard-00-02.in6etp1.mongodb.net","level":"info","message":"MongoDB Connected Successfully!","port":27017,"service":"coconut-farm-api","timestamp":"2025-02-22 19:30:14"}
{"level":"info","message":"Server running on port 7000 in development mode","service":"coconut-farm-api","timestamp":"2025-02-22 19:56:42"}
{"level":"info","message":"Server URL: http://localhost:7000","service":"coconut-farm-api","timestamp":"2025-02-22 19:56:42"}
{"database":"hello","host":"ac-5qiwzr2-shard-00-01.in6etp1.mongodb.net","level":"info","message":"MongoDB Connected Successfully!","port":27017,"service":"coconut-farm-api","timestamp":"2025-02-22 19:56:43"}
{"level":"info","message":"Server running on port 7000 in development mode","service":"coconut-farm-api","timestamp":"2025-02-22 20:00:24"}
{"level":"info","message":"Server URL: http://localhost:7000","service":"coconut-farm-api","timestamp":"2025-02-22 20:00:24"}
{"database":"hello","host":"ac-5qiwzr2-shard-00-01.in6etp1.mongodb.net","level":"info","message":"MongoDB Connected Successfully!","port":27017,"service":"coconut-farm-api","timestamp":"2025-02-22 20:00:26"}
{"level":"info","message":"Received shutdown signal. Starting graceful shutdown...","service":"coconut-farm-api","timestamp":"2025-02-22 20:07:25"}
{"level":"info","message":"Server running on port 7000 in development mode","service":"coconut-farm-api","timestamp":"2025-02-22 20:07:49"}
{"level":"info","message":"Server URL: http://localhost:7000","service":"coconut-farm-api","timestamp":"2025-02-22 20:07:49"}
{"database":"hello","host":"ac-5qiwzr2-shard-00-00.in6etp1.mongodb.net","level":"info","message":"MongoDB Connected Successfully!","port":27017,"service":"coconut-farm-api","timestamp":"2025-02-22 20:07:54"}
{"level":"info","message":"Server running on port 7000 in development mode","service":"coconut-farm-api","timestamp":"2025-02-22 20:09:25"}
{"level":"info","message":"Server URL: http://localhost:7000","service":"coconut-farm-api","timestamp":"2025-02-22 20:09:25"}
{"database":"hello","host":"ac-5qiwzr2-shard-00-02.in6etp1.mongodb.net","level":"info","message":"MongoDB Connected Successfully!","port":27017,"service":"coconut-farm-api","timestamp":"2025-02-22 20:09:27"}
{"level":"info","message":"Server running on port 7000 in development mode","service":"coconut-farm-api","timestamp":"2025-02-22 20:12:31"}
{"level":"info","message":"Server URL: http://localhost:7000","service":"coconut-farm-api","timestamp":"2025-02-22 20:12:31"}
{"database":"hello","host":"ac-5qiwzr2-shard-00-00.in6etp1.mongodb.net","level":"info","message":"MongoDB Connected Successfully!","port":27017,"service":"coconut-farm-api","timestamp":"2025-02-22 20:12:33"}
{"level":"info","message":"Server running on port 7000 in development mode","service":"coconut-farm-api","timestamp":"2025-02-22 20:13:01"}
{"level":"info","message":"Server URL: http://localhost:7000","service":"coconut-farm-api","timestamp":"2025-02-22 20:13:01"}
{"database":"hello","host":"ac-5qiwzr2-shard-00-02.in6etp1.mongodb.net","level":"info","message":"MongoDB Connected Successfully!","port":27017,"service":"coconut-farm-api","timestamp":"2025-02-22 20:13:03"}
{"level":"info","message":"Server running on port 7000 in development mode","service":"coconut-farm-api","timestamp":"2025-02-22 20:13:26"}
{"level":"info","message":"Server URL: http://localhost:7000","service":"coconut-farm-api","timestamp":"2025-02-22 20:13:26"}
{"database":"hello","host":"ac-5qiwzr2-shard-00-02.in6etp1.mongodb.net","level":"info","message":"MongoDB Connected Successfully!","port":27017,"service":"coconut-farm-api","timestamp":"2025-02-22 20:13:28"}
