{"level":"info","message":"Server running on port 7000 in development mode","service":"coconut-farm-api","timestamp":"2025-02-20 09:38:55"}
{"level":"info","message":"Server URL: http://localhost:7000","service":"coconut-farm-api","timestamp":"2025-02-20 09:38:55"}
{"database":"hello","host":"ac-5qiwzr2-shard-00-00.in6etp1.mongodb.net","level":"info","message":"MongoDB Connected Successfully!","port":27017,"service":"coconut-farm-api","timestamp":"2025-02-20 09:38:56"}
{"level":"info","message":"Received shutdown signal. Starting graceful shutdown...","service":"coconut-farm-api","timestamp":"2025-02-20 09:41:41"}
{"level":"info","message":"Server running on port 7000 in development mode","service":"coconut-farm-api","timestamp":"2025-02-20 09:41:49"}
{"level":"info","message":"Server URL: http://localhost:7000","service":"coconut-farm-api","timestamp":"2025-02-20 09:41:49"}
{"database":"hello","host":"ac-5qiwzr2-shard-00-01.in6etp1.mongodb.net","level":"info","message":"MongoDB Connected Successfully!","port":27017,"service":"coconut-farm-api","timestamp":"2025-02-20 09:41:51"}
{"level":"info","message":"Received shutdown signal. Starting graceful shutdown...","service":"coconut-farm-api","timestamp":"2025-02-20 10:06:21"}
{"level":"info","message":"Server running on port 7000 in development mode","service":"coconut-farm-api","timestamp":"2025-02-20 10:06:34"}
{"level":"info","message":"Server URL: http://localhost:7000","service":"coconut-farm-api","timestamp":"2025-02-20 10:06:34"}
{"database":"hello","host":"ac-5qiwzr2-shard-00-01.in6etp1.mongodb.net","level":"info","message":"MongoDB Connected Successfully!","port":27017,"service":"coconut-farm-api","timestamp":"2025-02-20 10:06:36"}
{"level":"info","message":"Received shutdown signal. Starting graceful shutdown...","service":"coconut-farm-api","timestamp":"2025-02-20 10:06:37"}
{"level":"info","message":"Server running on port 7000 in development mode","service":"coconut-farm-api","timestamp":"2025-02-20 10:07:07"}
{"level":"info","message":"Server URL: http://localhost:7000","service":"coconut-farm-api","timestamp":"2025-02-20 10:07:07"}
{"database":"hello","host":"ac-5qiwzr2-shard-00-02.in6etp1.mongodb.net","level":"info","message":"MongoDB Connected Successfully!","port":27017,"service":"coconut-farm-api","timestamp":"2025-02-20 10:07:09"}
{"level":"info","message":"Received shutdown signal. Starting graceful shutdown...","service":"coconut-farm-api","timestamp":"2025-02-20 10:24:20"}
{"level":"info","message":"Server running on port 7000 in development mode","service":"coconut-farm-api","timestamp":"2025-02-20 10:25:16"}
{"level":"info","message":"Server URL: http://localhost:7000","service":"coconut-farm-api","timestamp":"2025-02-20 10:25:16"}
{"database":"hello","host":"ac-5qiwzr2-shard-00-02.in6etp1.mongodb.net","level":"info","message":"MongoDB Connected Successfully!","port":27017,"service":"coconut-farm-api","timestamp":"2025-02-20 10:25:18"}
{"level":"info","message":"Server running on port 7000 in development mode","service":"coconut-farm-api","timestamp":"2025-02-20 10:36:09"}
{"level":"info","message":"Server URL: http://localhost:7000","service":"coconut-farm-api","timestamp":"2025-02-20 10:36:09"}
{"database":"hello","host":"ac-5qiwzr2-shard-00-02.in6etp1.mongodb.net","level":"info","message":"MongoDB Connected Successfully!","port":27017,"service":"coconut-farm-api","timestamp":"2025-02-20 10:36:10"}
{"level":"info","message":"Server running on port 7000 in development mode","service":"coconut-farm-api","timestamp":"2025-02-20 10:38:10"}
{"level":"info","message":"Server URL: http://localhost:7000","service":"coconut-farm-api","timestamp":"2025-02-20 10:38:10"}
{"database":"hello","host":"ac-5qiwzr2-shard-00-01.in6etp1.mongodb.net","level":"info","message":"MongoDB Connected Successfully!","port":27017,"service":"coconut-farm-api","timestamp":"2025-02-20 10:38:12"}
{"level":"info","message":"Server running on port 7000 in development mode","service":"coconut-farm-api","timestamp":"2025-02-20 10:40:14"}
{"level":"info","message":"Server URL: http://localhost:7000","service":"coconut-farm-api","timestamp":"2025-02-20 10:40:14"}
{"database":"hello","host":"ac-5qiwzr2-shard-00-02.in6etp1.mongodb.net","level":"info","message":"MongoDB Connected Successfully!","port":27017,"service":"coconut-farm-api","timestamp":"2025-02-20 10:40:16"}
{"level":"info","message":"Server running on port 7000 in development mode","service":"coconut-farm-api","timestamp":"2025-02-20 10:47:26"}
{"level":"info","message":"Server URL: http://localhost:7000","service":"coconut-farm-api","timestamp":"2025-02-20 10:47:26"}
{"database":"hello","host":"ac-5qiwzr2-shard-00-00.in6etp1.mongodb.net","level":"info","message":"MongoDB Connected Successfully!","port":27017,"service":"coconut-farm-api","timestamp":"2025-02-20 10:47:28"}
{"level":"info","message":"Server running on port 7000 in development mode","service":"coconut-farm-api","timestamp":"2025-02-20 10:52:22"}
{"level":"info","message":"Server URL: http://localhost:7000","service":"coconut-farm-api","timestamp":"2025-02-20 10:52:22"}
{"database":"hello","host":"ac-5qiwzr2-shard-00-00.in6etp1.mongodb.net","level":"info","message":"MongoDB Connected Successfully!","port":27017,"service":"coconut-farm-api","timestamp":"2025-02-20 10:52:23"}
{"level":"info","message":"Server running on port 7000 in development mode","service":"coconut-farm-api","timestamp":"2025-02-20 10:56:02"}
{"level":"info","message":"Server URL: http://localhost:7000","service":"coconut-farm-api","timestamp":"2025-02-20 10:56:02"}
{"database":"hello","host":"ac-5qiwzr2-shard-00-02.in6etp1.mongodb.net","level":"info","message":"MongoDB Connected Successfully!","port":27017,"service":"coconut-farm-api","timestamp":"2025-02-20 10:56:04"}
{"level":"info","message":"Server running on port 7000 in development mode","service":"coconut-farm-api","timestamp":"2025-02-20 11:00:47"}
{"level":"info","message":"Server URL: http://localhost:7000","service":"coconut-farm-api","timestamp":"2025-02-20 11:00:47"}
{"database":"hello","host":"ac-5qiwzr2-shard-00-01.in6etp1.mongodb.net","level":"info","message":"MongoDB Connected Successfully!","port":27017,"service":"coconut-farm-api","timestamp":"2025-02-20 11:00:48"}
{"level":"info","message":"Received shutdown signal. Starting graceful shutdown...","service":"coconut-farm-api","timestamp":"2025-02-20 11:03:17"}
{"level":"info","message":"Server running on port 7000 in development mode","service":"coconut-farm-api","timestamp":"2025-02-20 11:03:30"}
{"level":"info","message":"Server URL: http://localhost:7000","service":"coconut-farm-api","timestamp":"2025-02-20 11:03:30"}
{"database":"hello","host":"ac-5qiwzr2-shard-00-00.in6etp1.mongodb.net","level":"info","message":"MongoDB Connected Successfully!","port":27017,"service":"coconut-farm-api","timestamp":"2025-02-20 11:03:32"}
{"level":"info","message":"MongoDB reconnected","service":"coconut-farm-api","timestamp":"2025-02-20 11:56:25"}
{"level":"info","message":"MongoDB reconnected","service":"coconut-farm-api","timestamp":"2025-02-20 11:56:25"}
{"level":"warn","message":"MongoDB disconnected","service":"coconut-farm-api","timestamp":"2025-02-20 11:56:36"}
{"level":"info","message":"MongoDB reconnected","service":"coconut-farm-api","timestamp":"2025-02-20 11:56:36"}
