{"level":"info","message":"MongoDB reconnected","service":"coconut-farm-api","timestamp":"2025-02-16 00:32:16"}
{"level":"warn","message":"MongoDB disconnected","service":"coconut-farm-api","timestamp":"2025-02-16 05:32:17"}
{"level":"info","message":"MongoDB reconnected","service":"coconut-farm-api","timestamp":"2025-02-16 05:32:17"}
{"level":"info","message":"MongoDB reconnected","service":"coconut-farm-api","timestamp":"2025-02-16 06:53:01"}
{"level":"info","message":"MongoDB reconnected","service":"coconut-farm-api","timestamp":"2025-02-16 06:53:01"}
{"level":"warn","message":"MongoDB disconnected","service":"coconut-farm-api","timestamp":"2025-02-16 06:54:22"}
{"level":"info","message":"MongoDB reconnected","service":"coconut-farm-api","timestamp":"2025-02-16 06:54:22"}
{"level":"info","message":"Server running on port 3000 in development mode","service":"coconut-farm-api","timestamp":"2025-02-16 07:42:11"}
{"level":"info","message":"Server URL: http://localhost:3000","service":"coconut-farm-api","timestamp":"2025-02-16 07:42:11"}
{"database":"hello","host":"ac-5qiwzr2-shard-00-00.in6etp1.mongodb.net","level":"info","message":"MongoDB Connected Successfully!","port":27017,"service":"coconut-farm-api","timestamp":"2025-02-16 07:42:13"}
{"level":"info","message":"MongoDB reconnected","service":"coconut-farm-api","timestamp":"2025-02-16 12:52:39"}
{"level":"info","message":"MongoDB reconnected","service":"coconut-farm-api","timestamp":"2025-02-16 12:52:39"}
{"level":"warn","message":"MongoDB disconnected","service":"coconut-farm-api","timestamp":"2025-02-16 12:54:00"}
{"level":"info","message":"MongoDB reconnected","service":"coconut-farm-api","timestamp":"2025-02-16 12:54:00"}
{"level":"info","message":"MongoDB reconnected","service":"coconut-farm-api","timestamp":"2025-02-16 16:04:43"}
{"level":"info","message":"MongoDB reconnected","service":"coconut-farm-api","timestamp":"2025-02-16 16:04:43"}
{"level":"warn","message":"MongoDB disconnected","service":"coconut-farm-api","timestamp":"2025-02-16 16:07:04"}
{"level":"info","message":"MongoDB reconnected","service":"coconut-farm-api","timestamp":"2025-02-16 16:07:04"}
{"level":"info","message":"MongoDB reconnected","service":"coconut-farm-api","timestamp":"2025-02-16 17:42:23"}
{"level":"info","message":"MongoDB reconnected","service":"coconut-farm-api","timestamp":"2025-02-16 17:42:23"}
{"level":"warn","message":"MongoDB disconnected","service":"coconut-farm-api","timestamp":"2025-02-16 17:42:34"}
{"level":"info","message":"MongoDB reconnected","service":"coconut-farm-api","timestamp":"2025-02-16 17:42:34"}
